#
# There is insufficient memory for the Java Runtime Environment to continue.
# Native memory allocation (mmap) failed to map 266338304 bytes for G1 virtual space
# Possible reasons:
#   The system is out of physical RAM or swap space
#   The process is running with CompressedOops enabled, and the Java Heap may be blocking the growth of the native heap
# Possible solutions:
#   Reduce memory load on the system
#   Increase physical memory or swap space
#   Check if swap backing store is full
#   Decrease Java heap size (-Xmx/-Xms)
#   Decrease number of Java threads
#   Decrease Java thread stack sizes (-Xss)
#   Set larger code cache with -XX:ReservedCodeCacheSize=
#   JVM is running with Zero Based Compressed Oops mode in which the Java heap is
#     placed in the first 32GB address space. The Java Heap base address is the
#     maximum limit for the native heap growth. Please use -XX:HeapBaseMinAddress
#     to set the Java Heap base and to place the Java Heap above 32GB virtual address.
# This output file may be truncated or incomplete.
#
#  Out of Memory Error (os_windows.cpp:3469), pid=2224, tid=6312
#
# JRE version:  (17.0+35) (build )
# Java VM: OpenJDK 64-Bit Server VM (17+35, mixed mode, sharing, tiered, compressed oops, compressed class ptrs, g1 gc, windows-amd64)
# No core dump will be written. Minidumps are not enabled by default on client versions of Windows
#

---------------  S U M M A R Y ------------

Command Line: -Dfile.encoding=Cp1252 -XX:+ShowCodeDetailsInExceptionMessages jeu.Main

Host: Intel(R) Core(TM) i5-4690K CPU @ 3.50GHz, 4 cores, 15G,  Windows 10 , 64 bit Build 19041 (10.0.19041.1348)
Time: Wed Nov 17 19:59:19 2021 Paris, Madrid elapsed time: 0.021049 seconds (0d 0h 0m 0s)

---------------  T H R E A D  ---------------

Current thread (0x0000024e3e5f3a70):  JavaThread "Unknown thread" [_thread_in_vm, id=6312, stack(0x000000ae40700000,0x000000ae40800000)]

Stack: [0x000000ae40700000,0x000000ae40800000]
Native frames: (J=compiled Java code, j=interpreted, Vv=VM code, C=native code)
V  [jvm.dll+0x674afa]
V  [jvm.dll+0x82eb44]
V  [jvm.dll+0x8302ee]
V  [jvm.dll+0x830953]
V  [jvm.dll+0x245335]
V  [jvm.dll+0x671ae9]
V  [jvm.dll+0x6665b2]
V  [jvm.dll+0x303e3b]
V  [jvm.dll+0x30b376]
V  [jvm.dll+0x35b30e]
V  [jvm.dll+0x35b53f]
V  [jvm.dll+0x2dad78]
V  [jvm.dll+0x2dbce4]
V  [jvm.dll+0x8006a1]
V  [jvm.dll+0x369081]
V  [jvm.dll+0x7dfb6c]
V  [jvm.dll+0x3eb9bf]
V  [jvm.dll+0x3ed6f1]
C  [jli.dll+0x5277]
C  [ucrtbase.dll+0x21bb2]
C  [KERNEL32.DLL+0x17034]
C  [ntdll.dll+0x52651]


---------------  P R O C E S S  ---------------

Threads class SMR info:
_java_thread_list=0x00007ffbb3a24e58, length=0, elements={
}

Java Threads: ( => current thread )

Other Threads:
  0x0000024e3e641820 GCTaskThread "GC Thread#0" [stack: 0x000000ae40800000,0x000000ae40900000] [id=18172]
  0x0000024e3e653540 ConcurrentGCThread "G1 Main Marker" [stack: 0x000000ae40900000,0x000000ae40a00000] [id=1636]
  0x0000024e3e6557d0 ConcurrentGCThread "G1 Conc#0" [stack: 0x000000ae40a00000,0x000000ae40b00000] [id=21008]

[error occurred during error reporting (printing all threads), id 0xc0000005, EXCEPTION_ACCESS_VIOLATION (0xc0000005) at pc=0x00007ffbb31fb7f7]

VM state: not at safepoint (not fully initialized)

VM Mutex/Monitor currently owned by a thread:  ([mutex/lock_event])
[0x0000024e3e5ee480] Heap_lock - owner thread: 0x0000024e3e5f3a70

Heap address: 0x0000000702200000, size: 4062 MB, Compressed Oops mode: Zero based, Oop shift amount: 3

CDS archive(s) mapped at: [0x0000000000000000-0x0000000000000000-0x0000000000000000), size 0, SharedBaseAddress: 0x0000000800000000, ArchiveRelocationMode: 0.
Narrow klass base: 0x0000000000000000, Narrow klass shift: 0, Narrow klass range: 0x0

GC Precious Log:
<Empty>

Heap:
 garbage-first heap   total 0K, used 0K [0x0000000702200000, 0x0000000800000000)
  region size 2048K, 0 young (0K), 0 survivors (0K)

[error occurred during error reporting (printing heap information), id 0xc0000005, EXCEPTION_ACCESS_VIOLATION (0xc0000005) at pc=0x00007ffbb35ddfc9]

GC Heap History (0 events):
No events

Deoptimization events (0 events):
No events

Classes unloaded (0 events):
No events

Classes redefined (0 events):
No events

Internal exceptions (0 events):
No events

VM Operations (0 events):
No events

Events (1 events):
Event: 0.009 Loaded shared library C:\Users\jessi\.p2\pool\plugins\org.eclipse.justj.openjdk.hotspot.jre.full.win32.x86_64_17.0.0.v20211012-1059\jre\bin\java.dll


Dynamic libraries:
0x00007ff6cec70000 - 0x00007ff6cec7e000 	C:\Users\jessi\.p2\pool\plugins\org.eclipse.justj.openjdk.hotspot.jre.full.win32.x86_64_17.0.0.v20211012-1059\jre\bin\javaw.exe
0x00007ffbfe570000 - 0x00007ffbfe765000 	C:\WINDOWS\SYSTEM32\ntdll.dll
0x00007ffbd3f60000 - 0x00007ffbd3f76000 	C:\Program Files\Avast Software\Avast\aswhook.dll
0x00007ffbfd8c0000 - 0x00007ffbfd97e000 	C:\WINDOWS\System32\KERNEL32.DLL
0x00007ffbfbff0000 - 0x00007ffbfc2b8000 	C:\WINDOWS\System32\KERNELBASE.dll
0x00007ffbfbda0000 - 0x00007ffbfbea0000 	C:\WINDOWS\System32\ucrtbase.dll
0x00007ffbf76e0000 - 0x00007ffbf76f8000 	C:\Users\jessi\.p2\pool\plugins\org.eclipse.justj.openjdk.hotspot.jre.full.win32.x86_64_17.0.0.v20211012-1059\jre\bin\jli.dll
0x00007ffbf76c0000 - 0x00007ffbf76d9000 	C:\Users\jessi\.p2\pool\plugins\org.eclipse.justj.openjdk.hotspot.jre.full.win32.x86_64_17.0.0.v20211012-1059\jre\bin\VCRUNTIME140.dll
0x00007ffbfd0f0000 - 0x00007ffbfd291000 	C:\WINDOWS\System32\USER32.dll
0x00007ffbfbfc0000 - 0x00007ffbfbfe2000 	C:\WINDOWS\System32\win32u.dll
0x00007ffbfda60000 - 0x00007ffbfda8b000 	C:\WINDOWS\System32\GDI32.dll
0x00007ffbfbc90000 - 0x00007ffbfbd9b000 	C:\WINDOWS\System32\gdi32full.dll
0x00007ffbfbea0000 - 0x00007ffbfbf3d000 	C:\WINDOWS\System32\msvcp_win.dll
0x00007ffbe5aa0000 - 0x00007ffbe5d3a000 	C:\WINDOWS\WinSxS\amd64_microsoft.windows.common-controls_6595b64144ccf1df_6.0.19041.1110_none_60b5254171f9507e\COMCTL32.dll
0x00007ffbfd310000 - 0x00007ffbfd3ae000 	C:\WINDOWS\System32\msvcrt.dll
0x00007ffbfd890000 - 0x00007ffbfd8c0000 	C:\WINDOWS\System32\IMM32.DLL
0x00007ffbf9450000 - 0x00007ffbf945c000 	C:\Users\jessi\.p2\pool\plugins\org.eclipse.justj.openjdk.hotspot.jre.full.win32.x86_64_17.0.0.v20211012-1059\jre\bin\vcruntime140_1.dll
0x00007ffbf3cd0000 - 0x00007ffbf3d61000 	C:\Users\jessi\.p2\pool\plugins\org.eclipse.justj.openjdk.hotspot.jre.full.win32.x86_64_17.0.0.v20211012-1059\jre\bin\msvcp140.dll
0x00007ffbb2f10000 - 0x00007ffbb3b56000 	C:\Users\jessi\.p2\pool\plugins\org.eclipse.justj.openjdk.hotspot.jre.full.win32.x86_64_17.0.0.v20211012-1059\jre\bin\server\jvm.dll
0x00007ffbfdea0000 - 0x00007ffbfdf4c000 	C:\WINDOWS\System32\ADVAPI32.dll
0x00007ffbfde00000 - 0x00007ffbfde9b000 	C:\WINDOWS\System32\sechost.dll
0x00007ffbfcd00000 - 0x00007ffbfce2a000 	C:\WINDOWS\System32\RPCRT4.dll
0x00007ffbfdc40000 - 0x00007ffbfdc48000 	C:\WINDOWS\System32\PSAPI.DLL
0x00007ffbf4020000 - 0x00007ffbf4047000 	C:\WINDOWS\SYSTEM32\WINMM.dll
0x00007ffbf5f80000 - 0x00007ffbf5f8a000 	C:\WINDOWS\SYSTEM32\VERSION.dll
0x00007ffbf0460000 - 0x00007ffbf0469000 	C:\WINDOWS\SYSTEM32\WSOCK32.dll
0x00007ffbfd2a0000 - 0x00007ffbfd30b000 	C:\WINDOWS\System32\WS2_32.dll
0x00007ffbf9bb0000 - 0x00007ffbf9bc2000 	C:\WINDOWS\SYSTEM32\kernel.appcore.dll
0x00007ffbf3410000 - 0x00007ffbf341a000 	C:\Users\jessi\.p2\pool\plugins\org.eclipse.justj.openjdk.hotspot.jre.full.win32.x86_64_17.0.0.v20211012-1059\jre\bin\jimage.dll
0x00007ffbf4230000 - 0x00007ffbf4414000 	C:\WINDOWS\SYSTEM32\DBGHELP.DLL
0x00007ffbf3f50000 - 0x00007ffbf3f7c000 	C:\WINDOWS\SYSTEM32\dbgcore.DLL
0x00007ffbfc320000 - 0x00007ffbfc3a3000 	C:\WINDOWS\System32\bcryptPrimitives.dll
0x00007ffbe69a0000 - 0x00007ffbe69c5000 	C:\Users\jessi\.p2\pool\plugins\org.eclipse.justj.openjdk.hotspot.jre.full.win32.x86_64_17.0.0.v20211012-1059\jre\bin\java.dll

dbghelp: loaded successfully - version: 4.0.5 - missing functions: none
symbol engine: initialized successfully - sym options: 0x614 - pdb path: .;C:\Users\jessi\.p2\pool\plugins\org.eclipse.justj.openjdk.hotspot.jre.full.win32.x86_64_17.0.0.v20211012-1059\jre\bin;C:\WINDOWS\SYSTEM32;C:\Program Files\Avast Software\Avast;C:\WINDOWS\WinSxS\amd64_microsoft.windows.common-controls_6595b64144ccf1df_6.0.19041.1110_none_60b5254171f9507e;C:\Users\jessi\.p2\pool\plugins\org.eclipse.justj.openjdk.hotspot.jre.full.win32.x86_64_17.0.0.v20211012-1059\jre\bin\server

VM Arguments:
jvm_args: -Dfile.encoding=Cp1252 -XX:+ShowCodeDetailsInExceptionMessages 
java_command: jeu.Main
java_class_path (initial): C:\Users\jessi\eclipse-workspace\Warriors-Project\bin
Launcher Type: SUN_STANDARD

[Global flags]
     intx CICompilerCount                          = 3                                         {product} {ergonomic}
     uint ConcGCThreads                            = 1                                         {product} {ergonomic}
     uint G1ConcRefinementThreads                  = 4                                         {product} {ergonomic}
   size_t G1HeapRegionSize                         = 2097152                                   {product} {ergonomic}
    uintx GCDrainStackTargetSize                   = 64                                        {product} {ergonomic}
   size_t InitialHeapSize                          = 266338304                                 {product} {ergonomic}
   size_t MarkStackSize                            = 4194304                                   {product} {ergonomic}
   size_t MaxHeapSize                              = 4259315712                                {product} {ergonomic}
   size_t MinHeapDeltaBytes                        = 2097152                                   {product} {ergonomic}
   size_t MinHeapSize                              = 8388608                                   {product} {ergonomic}
    uintx NonNMethodCodeHeapSize                   = 5832780                                {pd product} {ergonomic}
    uintx NonProfiledCodeHeapSize                  = 122912730                              {pd product} {ergonomic}
    uintx ProfiledCodeHeapSize                     = 122912730                              {pd product} {ergonomic}
    uintx ReservedCodeCacheSize                    = 251658240                              {pd product} {ergonomic}
     bool SegmentedCodeCache                       = true                                      {product} {ergonomic}
     bool ShowCodeDetailsInExceptionMessages       = true                                   {manageable} {command line}
   size_t SoftMaxHeapSize                          = 4259315712                             {manageable} {ergonomic}
     bool UseCompressedClassPointers               = true                           {product lp64_product} {ergonomic}
     bool UseCompressedOops                        = true                           {product lp64_product} {ergonomic}
     bool UseG1GC                                  = true                                      {product} {ergonomic}
     bool UseLargePagesIndividualAllocation        = false                                  {pd product} {ergonomic}

Logging:
Log output configuration:
 #0: stdout all=warning uptime,level,tags
 #1: stderr all=off uptime,level,tags

Environment Variables:
PATH=C:/Users/jessi/.p2/pool/plugins/org.eclipse.justj.openjdk.hotspot.jre.full.win32.x86_64_17.0.0.v20211012-1059/jre/bin/server;C:/Users/jessi/.p2/pool/plugins/org.eclipse.justj.openjdk.hotspot.jre.full.win32.x86_64_17.0.0.v20211012-1059/jre/bin;C:\Python310\Scripts\;C:\Python310\;C:\WINDOWS\system32;C:\WINDOWS;C:\WINDOWS\System32\Wbem;C:\WINDOWS\System32\WindowsPowerShell\v1.0\;C:\WINDOWS\System32\OpenSSH\;C:\Program Files\NVIDIA Corporation\NVIDIA NvDLISR;C:\Program Files (x86)\NVIDIA Corporation\PhysX\Common;C:\WINDOWS\system32;C:\WINDOWS;C:\WINDOWS\System32\Wbem;C:\WINDOWS\System32\WindowsPowerShell\v1.0\;C:\WINDOWS\System32\OpenSSH\;C:\Program Files (x86)\Common Files\Seagate\VirtualFile\;C:\Program Files (x86)\Common Files\Seagate\VirtualFile64\;C:\Program Files (x86)\Common Files\Seagate\SnapAPI\;C:\Program Files\Git\cmd;C:\ProgramData\ComposerSetup\bin;C:\Program Files\PuTTY\;C:\Program Files\nodejs\;C:\ProgramData\chocolatey\bin;C:\Users\jessi\AppData\Local\Microsoft\WindowsApps;C:\wamp64\bin\php\php7.4.9;C:\Windows\System32;C:\Users\jessi\AppData\Roaming\Composer\vendor\bin;;D:\WebStorm 2021.2.2\bin;;C:\Users\jessi\AppData\Roaming\npm;C:\Users\jessi\Desktop;
USERNAME=jessi
OS=Windows_NT
PROCESSOR_IDENTIFIER=Intel64 Family 6 Model 60 Stepping 3, GenuineIntel



---------------  S Y S T E M  ---------------

OS:
 Windows 10 , 64 bit Build 19041 (10.0.19041.1348)
OS uptime: 2 days 12:45 hours

CPU: total 4 (initial active 4) (4 cores per cpu, 1 threads per core) family 6 model 60 stepping 3 microcode 0x27, cx8, cmov, fxsr, mmx, sse, sse2, sse3, ssse3, sse4.1, sse4.2, popcnt, lzcnt, tsc, tscinvbit, avx, avx2, aes, erms, clmul, bmi1, bmi2, fma, vzeroupper, clflush

Memory: 4k page, system-wide physical 16245M (6700M free)
TotalPageFile size 31420M (AvailPageFile size 66M)
current process WorkingSet (physical memory assigned to process): 10M, peak: 10M
current process commit charge ("private bytes"): 51M, peak: 305M

vm_info: OpenJDK 64-Bit Server VM (17+35) for windows-amd64 JRE (17+35), built on Sep 14 2021 17:27:39 by "" with MS VC++ 16.7 (VS2019)

END.
